Starting new HTTPS connection (1): na34.salesforce.com
Starting new HTTPS connection (1): na34.salesforce.com
Starting new HTTPS connection (1): na34.salesforce.com
Starting new HTTPS connection (1): na34.salesforce.com
Starting new HTTPS connection (1): na34.salesforce.com
Starting new HTTPS connection (1): na34.salesforce.com
Starting new HTTPS connection (1): na34.salesforce.com
<?xml version="1.0" encoding="UTF-8"?>
<SOAP-ENV:Envelope xmlns:ns0="urn:partner.soap.sforce.com" xmlns:ns1="http://schemas.xmlsoap.org/soap/envelope/" xmlns:xsi="http://www.w3.org/2001/XMLSchema-instance" xmlns:tns="urn:partner.soap.sforce.com" xmlns:SOAP-ENV="http://schemas.xmlsoap.org/soap/envelope/">
   <SOAP-ENV:Header>
      <tns:SessionHeader>
         <tns:sessionId>00D61000000794B!ARIAQNgU0v.PcXmY08e.5OzlGDvEMv.ji3px755siNGZFhRI8ugTY2Q6CN8Ww9eRMyUngkxbUmARDwMvRoqyll7CrBIgA8LX</tns:sessionId>
      </tns:SessionHeader>
   </SOAP-ENV:Header>
   <ns1:Body>
      <ns0:getUserInfo/>
   </ns1:Body>
</SOAP-ENV:Envelope>
Starting new HTTPS connection (1): na34.salesforce.com
Starting new HTTPS connection (1): na34.salesforce.com
Starting new HTTPS connection (1): na34.salesforce.com
Starting new HTTPS connection (1): na34.salesforce.com
Starting new HTTPS connection (1): na34.salesforce.com
Starting new HTTPS connection (1): na34.salesforce.com
Starting new HTTPS connection (1): na34.salesforce.com
Starting new HTTPS connection (1): na34.salesforce.com
Starting new HTTPS connection (1): na34.salesforce.com
Starting new HTTPS connection (1): na34.salesforce.com
Starting new HTTPS connection (1): na34.salesforce.com
Starting new HTTPS connection (1): na34.salesforce.com
Starting new HTTPS connection (1): na34.salesforce.com
Starting new HTTPS connection (1): na34.salesforce.com
Starting new HTTPS connection (1): na34.salesforce.com
Starting new HTTPS connection (1): na34.salesforce.com
Starting new HTTPS connection (1): na34.salesforce.com
Starting new HTTPS connection (1): na34.salesforce.com
Starting new HTTPS connection (1): na34.salesforce.com
Starting new HTTPS connection (1): na34.salesforce.com
<?xml version="1.0" encoding="UTF-8"?>
<SOAP-ENV:Envelope xmlns:ns0="urn:partner.soap.sforce.com" xmlns:ns1="http://schemas.xmlsoap.org/soap/envelope/" xmlns:xsi="http://www.w3.org/2001/XMLSchema-instance" xmlns:tns="urn:partner.soap.sforce.com" xmlns:SOAP-ENV="http://schemas.xmlsoap.org/soap/envelope/">
   <SOAP-ENV:Header>
      <tns:SessionHeader>
         <tns:sessionId>00D61000000794B!ARIAQIHuWuzqrIBkgUfkTPUyuEMC7Qh..zkHWctzsxnEeLcsWG2d0yuL93qUfMp2V5KBAnbNrncJsr1sNG79_2.T10grej7A</tns:sessionId>
      </tns:SessionHeader>
   </SOAP-ENV:Header>
   <ns1:Body>
      <ns0:getUserInfo/>
   </ns1:Body>
</SOAP-ENV:Envelope>
Starting new HTTPS connection (1): na34.salesforce.com
Starting new HTTPS connection (1): na34.salesforce.com
Starting new HTTPS connection (1): na34.salesforce.com
Starting new HTTPS connection (1): na34.salesforce.com
Starting new HTTPS connection (1): na34.salesforce.com
Starting new HTTPS connection (1): na34.salesforce.com
Starting new HTTPS connection (1): na34.salesforce.com
Starting new HTTPS connection (1): na34.salesforce.com
Starting new HTTPS connection (1): na34.salesforce.com
Starting new HTTPS connection (1): na34.salesforce.com
Starting new HTTPS connection (1): na34.salesforce.com
Starting new HTTPS connection (1): na34.salesforce.com
Starting new HTTPS connection (1): na34.salesforce.com
Starting new HTTPS connection (1): na34.salesforce.com
Starting new HTTPS connection (1): na34.salesforce.com
Starting new HTTPS connection (1): na34.salesforce.com
Starting new HTTPS connection (1): na34.salesforce.com
Starting new HTTPS connection (1): na34.salesforce.com
Starting new HTTPS connection (1): na34.salesforce.com
Starting new HTTPS connection (1): na34.salesforce.com
Starting new HTTPS connection (1): na34.salesforce.com
Starting new HTTPS connection (1): na34.salesforce.com
Starting new HTTPS connection (1): na34.salesforce.com
Starting new HTTPS connection (1): na34.salesforce.com
Starting new HTTPS connection (1): na34.salesforce.com
Starting new HTTPS connection (1): na34.salesforce.com
Starting new HTTPS connection (1): na34.salesforce.com
<?xml version="1.0" encoding="UTF-8"?>
<SOAP-ENV:Envelope xmlns:ns0="urn:partner.soap.sforce.com" xmlns:ns1="http://schemas.xmlsoap.org/soap/envelope/" xmlns:xsi="http://www.w3.org/2001/XMLSchema-instance" xmlns:tns="urn:partner.soap.sforce.com" xmlns:SOAP-ENV="http://schemas.xmlsoap.org/soap/envelope/">
   <SOAP-ENV:Header>
      <tns:SessionHeader>
         <tns:sessionId>00D61000000794B!ARIAQNBTDxZmhKFoDAnH4.A9gASt91hpqkESDw.tbwXpygwVsYteMCwJfbJB_Fj0i50C5pCOcuQglkeL4tCFmHx2Yp8nkC67</tns:sessionId>
      </tns:SessionHeader>
   </SOAP-ENV:Header>
   <ns1:Body>
      <ns0:getUserInfo/>
   </ns1:Body>
</SOAP-ENV:Envelope>
<?xml version="1.0" encoding="UTF-8"?>
<SOAP-ENV:Envelope xmlns:ns0="urn:partner.soap.sforce.com" xmlns:ns1="http://schemas.xmlsoap.org/soap/envelope/" xmlns:xsi="http://www.w3.org/2001/XMLSchema-instance" xmlns:tns="urn:partner.soap.sforce.com" xmlns:SOAP-ENV="http://schemas.xmlsoap.org/soap/envelope/">
   <SOAP-ENV:Header>
      <tns:SessionHeader>
         <tns:sessionId>00D61000000794B!ARIAQCAmiWdY527cmPPtPcq4bQTLyoIv.wvn3h7soFARdgP4HIA.U7ohXnhWl8q2BQREuLulOjybX5QqFVG2i81szngchjkx</tns:sessionId>
      </tns:SessionHeader>
   </SOAP-ENV:Header>
   <ns1:Body>
      <ns0:getUserInfo/>
   </ns1:Body>
</SOAP-ENV:Envelope>
Starting new HTTPS connection (1): na34.salesforce.com
Starting new HTTPS connection (1): na34.salesforce.com
Starting new HTTPS connection (1): na34.salesforce.com
Starting new HTTPS connection (1): na34.salesforce.com
<?xml version="1.0" encoding="UTF-8"?>
<SOAP-ENV:Envelope xmlns:ns0="urn:partner.soap.sforce.com" xmlns:ns1="http://schemas.xmlsoap.org/soap/envelope/" xmlns:xsi="http://www.w3.org/2001/XMLSchema-instance" xmlns:tns="urn:partner.soap.sforce.com" xmlns:SOAP-ENV="http://schemas.xmlsoap.org/soap/envelope/">
   <SOAP-ENV:Header>
      <tns:SessionHeader>
         <tns:sessionId>00D61000000794B!ARIAQHdxS09RSa4jSFqhdMa5Xttb9J2pIOr9zjq48b9eLXBW7G9FxiPvQ6_5ClOg9qGFrUd.BIY8oiaY0JGWOoReu.Uh8oN3</tns:sessionId>
      </tns:SessionHeader>
   </SOAP-ENV:Header>
   <ns1:Body>
      <ns0:getUserInfo/>
   </ns1:Body>
</SOAP-ENV:Envelope>
Starting new HTTPS connection (1): na34.salesforce.com
Starting new HTTPS connection (1): na34.salesforce.com
Starting new HTTPS connection (1): na34.salesforce.com
Starting new HTTPS connection (1): na34.salesforce.com
Starting new HTTPS connection (1): na34.salesforce.com
Starting new HTTPS connection (1): na34.salesforce.com
Starting new HTTPS connection (1): na34.salesforce.com
Starting new HTTPS connection (1): na34.salesforce.com
Starting new HTTPS connection (1): na34.salesforce.com
Starting new HTTPS connection (1): na34.salesforce.com
Starting new HTTPS connection (1): na34.salesforce.com
Starting new HTTPS connection (1): na34.salesforce.com
Starting new HTTPS connection (1): na34.salesforce.com
Starting new HTTPS connection (1): na34.salesforce.com
Starting new HTTPS connection (1): na34.salesforce.com
Starting new HTTPS connection (1): na34.salesforce.com
Starting new HTTPS connection (1): na34.salesforce.com
Starting new HTTPS connection (1): na34.salesforce.com
Starting new HTTPS connection (1): na34.salesforce.com
Starting new HTTPS connection (1): na34.salesforce.com
Starting new HTTPS connection (1): na34.salesforce.com
Starting new HTTPS connection (1): na34.salesforce.com
Starting new HTTPS connection (1): na34.salesforce.com
Starting new HTTPS connection (1): na34.salesforce.com
Starting new HTTPS connection (1): na34.salesforce.com
Starting new HTTPS connection (1): na34.salesforce.com
Starting new HTTPS connection (1): na34.salesforce.com
Starting new HTTPS connection (1): na34.salesforce.com
Starting new HTTPS connection (1): na34.salesforce.com
Starting new HTTPS connection (1): na34.salesforce.com
Starting new HTTPS connection (1): na34.salesforce.com
Starting new HTTPS connection (1): na34.salesforce.com
<?xml version="1.0" encoding="UTF-8"?>
<SOAP-ENV:Envelope xmlns:ns0="urn:partner.soap.sforce.com" xmlns:ns1="http://schemas.xmlsoap.org/soap/envelope/" xmlns:xsi="http://www.w3.org/2001/XMLSchema-instance" xmlns:tns="urn:partner.soap.sforce.com" xmlns:SOAP-ENV="http://schemas.xmlsoap.org/soap/envelope/">
   <SOAP-ENV:Header>
      <tns:SessionHeader>
         <tns:sessionId>00D61000000794B!ARIAQGTTC89XQxLSTGz1uFq1Tq513DkI3qtMTc.l9UCP0upW38AdbpbPdCnj3qsI5VtB1vEHC3e4iZu54A6WRAdAKb4JihfB</tns:sessionId>
      </tns:SessionHeader>
   </SOAP-ENV:Header>
   <ns1:Body>
      <ns0:getUserInfo/>
   </ns1:Body>
</SOAP-ENV:Envelope>
Starting new HTTPS connection (1): na34.salesforce.com
Starting new HTTPS connection (1): na34.salesforce.com
Starting new HTTPS connection (1): na34.salesforce.com
<?xml version="1.0" encoding="UTF-8"?>
<SOAP-ENV:Envelope xmlns:ns0="urn:partner.soap.sforce.com" xmlns:ns1="http://schemas.xmlsoap.org/soap/envelope/" xmlns:xsi="http://www.w3.org/2001/XMLSchema-instance" xmlns:tns="urn:partner.soap.sforce.com" xmlns:SOAP-ENV="http://schemas.xmlsoap.org/soap/envelope/">
   <SOAP-ENV:Header>
      <tns:SessionHeader>
         <tns:sessionId>00D61000000794B!ARIAQLKiTS6DitVH35Lj9brLRIOdozojA_ctOgGhZ12cYmlQykcNU17T67_2LktxbyhzReTbunhF9jzlPgBpIGvEujB0KsvE</tns:sessionId>
      </tns:SessionHeader>
   </SOAP-ENV:Header>
   <ns1:Body>
      <ns0:getUserInfo/>
   </ns1:Body>
</SOAP-ENV:Envelope>
